<?xml version="1.0" encoding="UTF-8"?>
<!-- Generated by org.testng.reporters.JUnitXMLReporter -->
<testsuite hostname="TariShah" name="Default test" tests="5" failures="0" timestamp="19 Dec 2019 02:00:57 GMT" time="249.206" errors="0">
  <testcase name="verifyRegistrationPageTitle" time="0.014" classname="freeTrourAutomationpagesTests.RegistrationPageTest"/>
  <testcase name="completeRegistrationPage" time="30.145" classname="freeTrourAutomationpagesTests.RegistrationPageTest"/>
  <testcase name="completeRegistrationPage" time="26.414" classname="freeTrourAutomationpagesTests.RegistrationPageTest"/>
  <testcase name="completeRegistrationPage" time="26.515" classname="freeTrourAutomationpagesTests.RegistrationPageTest"/>
  <testcase name="completeRegistrationPage" time="22.888" classname="freeTrourAutomationpagesTests.RegistrationPageTest"/>
</testsuite> <!-- Default test -->
