<?xml version="1.0" encoding="UTF-8"?>
<!-- Generated by org.testng.reporters.JUnitXMLReporter -->
<testsuite hostname="TariShah" name="free Test Cases" tests="11" failures="0" timestamp="27 Dec 2019 15:39:02 GMT" time="78.517" errors="0">
  <testcase name="verifyLoginPage" time="0.018" classname="freeTrourAutomationpagesTests.LoginPageTest"/>
  <testcase name="login" time="1.944" classname="freeTrourAutomationpagesTests.LoginPageTest"/>
  <testcase name="clickOnHomePageLink" time="0.002" classname="freeTrourAutomationpagesTests.FlightsPageTest"/>
  <testcase name="verifyFlightsPageTitle" time="0.009" classname="freeTrourAutomationpagesTests.FlightsPageTest"/>
  <testcase name="verifyHomePageTitle" time="0.01" classname="freeTrourAutomationpagesTests.HomePageTest"/>
  <testcase name="clickOnRegistrationPageLink" time="0.46" classname="freeTrourAutomationpagesTests.HomePageTest"/>
  <testcase name="verifyRegistrationPageTitle" time="0.008" classname="freeTrourAutomationpagesTests.RegistrationPageTest"/>
  <testcase name="completeRegistrationPage" time="1.643" classname="freeTrourAutomationpagesTests.RegistrationPageTest"/>
  <testcase name="completeRegistrationPage" time="1.629" classname="freeTrourAutomationpagesTests.RegistrationPageTest"/>
  <testcase name="completeRegistrationPage" time="1.582" classname="freeTrourAutomationpagesTests.RegistrationPageTest"/>
  <testcase name="completeRegistrationPage" time="2.404" classname="freeTrourAutomationpagesTests.RegistrationPageTest"/>
</testsuite> <!-- free Test Cases -->
