<?xml version="1.0" encoding="UTF-8"?>
<testng-results skipped="0" failed="0" total="2" passed="2">
  <reporter-output>
  </reporter-output>
  <suite name="Default suite" duration-ms="17248" started-at="2019-12-28T00:07:28Z" finished-at="2019-12-28T00:07:46Z">
    <groups>
    </groups>
    <test name="Default test" duration-ms="17248" started-at="2019-12-28T00:07:28Z" finished-at="2019-12-28T00:07:46Z">
      <class name="freeTrourAutomationpagesTests.LoginPageTest">
        <test-method status="PASS" signature="setUp()[pri:0, instance:freeTrourAutomationpagesTests.LoginPageTest@675d3402]" name="setUp" is-config="true" duration-ms="9354" started-at="2019-12-27T19:07:28Z" finished-at="2019-12-27T19:07:38Z">
          <reporter-output>
          </reporter-output>
        </test-method> <!-- setUp -->
        <test-method status="PASS" signature="verifyLoginPage()[pri:0, instance:freeTrourAutomationpagesTests.LoginPageTest@675d3402]" name="verifyLoginPage" duration-ms="39" started-at="2019-12-27T19:07:38Z" finished-at="2019-12-27T19:07:38Z">
          <reporter-output>
          </reporter-output>
        </test-method> <!-- verifyLoginPage -->
        <test-method status="PASS" signature="tearDown()[pri:0, instance:freeTrourAutomationpagesTests.LoginPageTest@675d3402]" name="tearDown" is-config="true" duration-ms="825" started-at="2019-12-27T19:07:38Z" finished-at="2019-12-27T19:07:39Z">
          <reporter-output>
          </reporter-output>
        </test-method> <!-- tearDown -->
        <test-method status="PASS" signature="setUp()[pri:0, instance:freeTrourAutomationpagesTests.LoginPageTest@675d3402]" name="setUp" is-config="true" duration-ms="3293" started-at="2019-12-27T19:07:39Z" finished-at="2019-12-27T19:07:42Z">
          <reporter-output>
          </reporter-output>
        </test-method> <!-- setUp -->
        <test-method status="PASS" signature="login()[pri:0, instance:freeTrourAutomationpagesTests.LoginPageTest@675d3402]" name="login" duration-ms="2810" started-at="2019-12-27T19:07:42Z" finished-at="2019-12-27T19:07:45Z">
          <reporter-output>
          </reporter-output>
        </test-method> <!-- login -->
        <test-method status="PASS" signature="tearDown()[pri:0, instance:freeTrourAutomationpagesTests.LoginPageTest@675d3402]" name="tearDown" is-config="true" duration-ms="873" started-at="2019-12-27T19:07:45Z" finished-at="2019-12-27T19:07:45Z">
          <reporter-output>
          </reporter-output>
        </test-method> <!-- tearDown -->
      </class> <!-- freeTrourAutomationpagesTests.LoginPageTest -->
    </test> <!-- Default test -->
  </suite> <!-- Default suite -->
</testng-results>
