<?xml version="1.0" encoding="UTF-8"?>
<testng-results skipped="0" failed="0" total="11" passed="11">
  <reporter-output>
  </reporter-output>
  <suite name="freeTour Application Automation Test Suit" duration-ms="78517" started-at="2019-12-27T15:37:43Z" finished-at="2019-12-27T15:39:02Z">
    <groups>
    </groups>
    <test name="free Test Cases" duration-ms="78517" started-at="2019-12-27T15:37:43Z" finished-at="2019-12-27T15:39:02Z">
      <class name="freeTrourAutomationpagesTests.RegistrationPageTest">
        <test-method status="PASS" signature="setUp()[pri:0, instance:freeTrourAutomationpagesTests.RegistrationPageTest@59fa1d9b]" name="setUp" is-config="true" duration-ms="5903" started-at="2019-12-27T10:38:21Z" finished-at="2019-12-27T10:38:27Z">
          <reporter-output>
          </reporter-output>
        </test-method> <!-- setUp -->
        <test-method status="PASS" signature="verifyRegistrationPageTitle()[pri:0, instance:freeTrourAutomationpagesTests.RegistrationPageTest@59fa1d9b]" name="verifyRegistrationPageTitle" duration-ms="8" started-at="2019-12-27T10:38:27Z" finished-at="2019-12-27T10:38:27Z">
          <reporter-output>
          </reporter-output>
        </test-method> <!-- verifyRegistrationPageTitle -->
        <test-method status="PASS" signature="tearDown()[pri:0, instance:freeTrourAutomationpagesTests.RegistrationPageTest@59fa1d9b]" name="tearDown" is-config="true" duration-ms="584" started-at="2019-12-27T10:38:27Z" finished-at="2019-12-27T10:38:27Z">
          <reporter-output>
          </reporter-output>
        </test-method> <!-- tearDown -->
        <test-method status="PASS" signature="setUp()[pri:0, instance:freeTrourAutomationpagesTests.RegistrationPageTest@59fa1d9b]" name="setUp" is-config="true" duration-ms="5880" started-at="2019-12-27T10:38:29Z" finished-at="2019-12-27T10:38:35Z">
          <reporter-output>
          </reporter-output>
        </test-method> <!-- setUp -->
        <test-method status="PASS" signature="completeRegistrationPage(java.lang.String, java.lang.String, java.lang.String, java.lang.String, java.lang.String, java.lang.String, java.lang.String, java.lang.String)[pri:0, instance:freeTrourAutomationpagesTests.RegistrationPageTest@59fa1d9b]" name="completeRegistrationPage" duration-ms="1643" started-at="2019-12-27T10:38:35Z" data-provider="getTestData" finished-at="2019-12-27T10:38:36Z">
          <params>
            <param index="0">
              <value>
                <![CDATA[Dave]]>
              </value>
            </param>
            <param index="1">
              <value>
                <![CDATA[Pair]]>
              </value>
            </param>
            <param index="2">
              <value>
                <![CDATA[703-765-9876]]>
              </value>
            </param>
            <param index="3">
              <value>
                <![CDATA[Dp@yahoo.com]]>
              </value>
            </param>
            <param index="4">
              <value>
                <![CDATA[123Adms St]]>
              </value>
            </param>
            <param index="5">
              <value>
                <![CDATA[Lorton]]>
              </value>
            </param>
            <param index="6">
              <value>
                <![CDATA[VA]]>
              </value>
            </param>
            <param index="7">
              <value>
                <![CDATA[22079.0]]>
              </value>
            </param>
          </params>
          <reporter-output>
          </reporter-output>
        </test-method> <!-- completeRegistrationPage -->
        <test-method status="PASS" signature="tearDown()[pri:0, instance:freeTrourAutomationpagesTests.RegistrationPageTest@59fa1d9b]" name="tearDown" is-config="true" duration-ms="607" started-at="2019-12-27T10:38:36Z" finished-at="2019-12-27T10:38:37Z">
          <reporter-output>
          </reporter-output>
        </test-method> <!-- tearDown -->
        <test-method status="PASS" signature="setUp()[pri:0, instance:freeTrourAutomationpagesTests.RegistrationPageTest@59fa1d9b]" name="setUp" is-config="true" duration-ms="5404" started-at="2019-12-27T10:38:37Z" finished-at="2019-12-27T10:38:42Z">
          <reporter-output>
          </reporter-output>
        </test-method> <!-- setUp -->
        <test-method status="PASS" signature="completeRegistrationPage(java.lang.String, java.lang.String, java.lang.String, java.lang.String, java.lang.String, java.lang.String, java.lang.String, java.lang.String)[pri:0, instance:freeTrourAutomationpagesTests.RegistrationPageTest@59fa1d9b]" name="completeRegistrationPage" duration-ms="1629" started-at="2019-12-27T10:38:42Z" data-provider="getTestData" finished-at="2019-12-27T10:38:44Z">
          <params>
            <param index="0">
              <value>
                <![CDATA[Mark]]>
              </value>
            </param>
            <param index="1">
              <value>
                <![CDATA[Green]]>
              </value>
            </param>
            <param index="2">
              <value>
                <![CDATA[202-987-9087]]>
              </value>
            </param>
            <param index="3">
              <value>
                <![CDATA[MG@google.com]]>
              </value>
            </param>
            <param index="4">
              <value>
                <![CDATA[7901 ABC st]]>
              </value>
            </param>
            <param index="5">
              <value>
                <![CDATA[Springfield]]>
              </value>
            </param>
            <param index="6">
              <value>
                <![CDATA[VA]]>
              </value>
            </param>
            <param index="7">
              <value>
                <![CDATA[22153.0]]>
              </value>
            </param>
          </params>
          <reporter-output>
          </reporter-output>
        </test-method> <!-- completeRegistrationPage -->
        <test-method status="PASS" signature="tearDown()[pri:0, instance:freeTrourAutomationpagesTests.RegistrationPageTest@59fa1d9b]" name="tearDown" is-config="true" duration-ms="591" started-at="2019-12-27T10:38:44Z" finished-at="2019-12-27T10:38:45Z">
          <reporter-output>
          </reporter-output>
        </test-method> <!-- tearDown -->
        <test-method status="PASS" signature="setUp()[pri:0, instance:freeTrourAutomationpagesTests.RegistrationPageTest@59fa1d9b]" name="setUp" is-config="true" duration-ms="5594" started-at="2019-12-27T10:38:45Z" finished-at="2019-12-27T10:38:50Z">
          <reporter-output>
          </reporter-output>
        </test-method> <!-- setUp -->
        <test-method status="PASS" signature="completeRegistrationPage(java.lang.String, java.lang.String, java.lang.String, java.lang.String, java.lang.String, java.lang.String, java.lang.String, java.lang.String)[pri:0, instance:freeTrourAutomationpagesTests.RegistrationPageTest@59fa1d9b]" name="completeRegistrationPage" duration-ms="1582" started-at="2019-12-27T10:38:50Z" data-provider="getTestData" finished-at="2019-12-27T10:38:52Z">
          <params>
            <param index="0">
              <value>
                <![CDATA[John]]>
              </value>
            </param>
            <param index="1">
              <value>
                <![CDATA[Walker]]>
              </value>
            </param>
            <param index="2">
              <value>
                <![CDATA[301-890-5674]]>
              </value>
            </param>
            <param index="3">
              <value>
                <![CDATA[JW@mail.com]]>
              </value>
            </param>
            <param index="4">
              <value>
                <![CDATA[980 BreakTown]]>
              </value>
            </param>
            <param index="5">
              <value>
                <![CDATA[Burke]]>
              </value>
            </param>
            <param index="6">
              <value>
                <![CDATA[VA]]>
              </value>
            </param>
            <param index="7">
              <value>
                <![CDATA[22053.0]]>
              </value>
            </param>
          </params>
          <reporter-output>
          </reporter-output>
        </test-method> <!-- completeRegistrationPage -->
        <test-method status="PASS" signature="tearDown()[pri:0, instance:freeTrourAutomationpagesTests.RegistrationPageTest@59fa1d9b]" name="tearDown" is-config="true" duration-ms="585" started-at="2019-12-27T10:38:52Z" finished-at="2019-12-27T10:38:52Z">
          <reporter-output>
          </reporter-output>
        </test-method> <!-- tearDown -->
        <test-method status="PASS" signature="setUp()[pri:0, instance:freeTrourAutomationpagesTests.RegistrationPageTest@59fa1d9b]" name="setUp" is-config="true" duration-ms="6386" started-at="2019-12-27T10:38:52Z" finished-at="2019-12-27T10:38:59Z">
          <reporter-output>
          </reporter-output>
        </test-method> <!-- setUp -->
        <test-method status="PASS" signature="completeRegistrationPage(java.lang.String, java.lang.String, java.lang.String, java.lang.String, java.lang.String, java.lang.String, java.lang.String, java.lang.String)[pri:0, instance:freeTrourAutomationpagesTests.RegistrationPageTest@59fa1d9b]" name="completeRegistrationPage" duration-ms="2404" started-at="2019-12-27T10:38:59Z" data-provider="getTestData" finished-at="2019-12-27T10:39:01Z">
          <params>
            <param index="0">
              <value>
                <![CDATA[Jack]]>
              </value>
            </param>
            <param index="1">
              <value>
                <![CDATA[Winner]]>
              </value>
            </param>
            <param index="2">
              <value>
                <![CDATA[571-657-8756]]>
              </value>
            </param>
            <param index="3">
              <value>
                <![CDATA[Jwinner@aol.com]]>
              </value>
            </param>
            <param index="4">
              <value>
                <![CDATA[95 Nancy ct]]>
              </value>
            </param>
            <param index="5">
              <value>
                <![CDATA[newcity]]>
              </value>
            </param>
            <param index="6">
              <value>
                <![CDATA[MD]]>
              </value>
            </param>
            <param index="7">
              <value>
                <![CDATA[35092.0]]>
              </value>
            </param>
          </params>
          <reporter-output>
          </reporter-output>
        </test-method> <!-- completeRegistrationPage -->
        <test-method status="PASS" signature="tearDown()[pri:0, instance:freeTrourAutomationpagesTests.RegistrationPageTest@59fa1d9b]" name="tearDown" is-config="true" duration-ms="602" started-at="2019-12-27T10:39:01Z" finished-at="2019-12-27T10:39:02Z">
          <reporter-output>
          </reporter-output>
        </test-method> <!-- tearDown -->
      </class> <!-- freeTrourAutomationpagesTests.RegistrationPageTest -->
      <class name="freeTrourAutomationpagesTests.LoginPageTest">
        <test-method status="PASS" signature="setUp()[pri:0, instance:freeTrourAutomationpagesTests.LoginPageTest@523884b2]" name="setUp" is-config="true" duration-ms="6922" started-at="2019-12-27T10:37:43Z" finished-at="2019-12-27T10:37:50Z">
          <reporter-output>
          </reporter-output>
        </test-method> <!-- setUp -->
        <test-method status="PASS" signature="verifyLoginPage()[pri:0, instance:freeTrourAutomationpagesTests.LoginPageTest@523884b2]" name="verifyLoginPage" duration-ms="18" started-at="2019-12-27T10:37:50Z" finished-at="2019-12-27T10:37:50Z">
          <reporter-output>
          </reporter-output>
        </test-method> <!-- verifyLoginPage -->
        <test-method status="PASS" signature="tearDown()[pri:0, instance:freeTrourAutomationpagesTests.LoginPageTest@523884b2]" name="tearDown" is-config="true" duration-ms="590" started-at="2019-12-27T10:37:50Z" finished-at="2019-12-27T10:37:51Z">
          <reporter-output>
          </reporter-output>
        </test-method> <!-- tearDown -->
        <test-method status="PASS" signature="setUp()[pri:0, instance:freeTrourAutomationpagesTests.LoginPageTest@523884b2]" name="setUp" is-config="true" duration-ms="4363" started-at="2019-12-27T10:37:51Z" finished-at="2019-12-27T10:37:55Z">
          <reporter-output>
          </reporter-output>
        </test-method> <!-- setUp -->
        <test-method status="PASS" signature="login()[pri:0, instance:freeTrourAutomationpagesTests.LoginPageTest@523884b2]" name="login" duration-ms="1944" started-at="2019-12-27T10:37:55Z" finished-at="2019-12-27T10:37:57Z">
          <reporter-output>
          </reporter-output>
        </test-method> <!-- login -->
        <test-method status="PASS" signature="tearDown()[pri:0, instance:freeTrourAutomationpagesTests.LoginPageTest@523884b2]" name="tearDown" is-config="true" duration-ms="589" started-at="2019-12-27T10:37:57Z" finished-at="2019-12-27T10:37:58Z">
          <reporter-output>
          </reporter-output>
        </test-method> <!-- tearDown -->
      </class> <!-- freeTrourAutomationpagesTests.LoginPageTest -->
      <class name="freeTrourAutomationpagesTests.FlightsPageTest">
        <test-method status="PASS" signature="setUp()[pri:0, instance:freeTrourAutomationpagesTests.FlightsPageTest@28d25987]" name="setUp" is-config="true" duration-ms="4792" started-at="2019-12-27T10:37:58Z" finished-at="2019-12-27T10:38:03Z">
          <reporter-output>
          </reporter-output>
        </test-method> <!-- setUp -->
        <test-method status="PASS" signature="clickOnHomePageLink()[pri:0, instance:freeTrourAutomationpagesTests.FlightsPageTest@28d25987]" name="clickOnHomePageLink" duration-ms="2" started-at="2019-12-27T10:38:03Z" finished-at="2019-12-27T10:38:03Z">
          <reporter-output>
          </reporter-output>
        </test-method> <!-- clickOnHomePageLink -->
        <test-method status="PASS" signature="tearDown()[pri:0, instance:freeTrourAutomationpagesTests.FlightsPageTest@28d25987]" name="tearDown" is-config="true" duration-ms="582" started-at="2019-12-27T10:38:03Z" finished-at="2019-12-27T10:38:03Z">
          <reporter-output>
          </reporter-output>
        </test-method> <!-- tearDown -->
        <test-method status="PASS" signature="setUp()[pri:0, instance:freeTrourAutomationpagesTests.FlightsPageTest@28d25987]" name="setUp" is-config="true" duration-ms="4570" started-at="2019-12-27T10:38:03Z" finished-at="2019-12-27T10:38:08Z">
          <reporter-output>
          </reporter-output>
        </test-method> <!-- setUp -->
        <test-method status="PASS" signature="verifyFlightsPageTitle()[pri:0, instance:freeTrourAutomationpagesTests.FlightsPageTest@28d25987]" name="verifyFlightsPageTitle" duration-ms="9" started-at="2019-12-27T10:38:08Z" finished-at="2019-12-27T10:38:08Z">
          <reporter-output>
          </reporter-output>
        </test-method> <!-- verifyFlightsPageTitle -->
        <test-method status="PASS" signature="tearDown()[pri:0, instance:freeTrourAutomationpagesTests.FlightsPageTest@28d25987]" name="tearDown" is-config="true" duration-ms="587" started-at="2019-12-27T10:38:08Z" finished-at="2019-12-27T10:38:08Z">
          <reporter-output>
          </reporter-output>
        </test-method> <!-- tearDown -->
      </class> <!-- freeTrourAutomationpagesTests.FlightsPageTest -->
      <class name="freeTrourAutomationpagesTests.HomePageTest">
        <test-method status="PASS" signature="setUp()[pri:0, instance:freeTrourAutomationpagesTests.HomePageTest@cc285f4]" name="setUp" is-config="true" duration-ms="5478" started-at="2019-12-27T10:38:08Z" finished-at="2019-12-27T10:38:14Z">
          <reporter-output>
          </reporter-output>
        </test-method> <!-- setUp -->
        <test-method status="PASS" signature="verifyHomePageTitle()[pri:0, instance:freeTrourAutomationpagesTests.HomePageTest@cc285f4]" name="verifyHomePageTitle" duration-ms="10" started-at="2019-12-27T10:38:14Z" finished-at="2019-12-27T10:38:14Z">
          <reporter-output>
          </reporter-output>
        </test-method> <!-- verifyHomePageTitle -->
        <test-method status="PASS" signature="tearDown()[pri:0, instance:freeTrourAutomationpagesTests.HomePageTest@cc285f4]" name="tearDown" is-config="true" duration-ms="586" started-at="2019-12-27T10:38:14Z" finished-at="2019-12-27T10:38:14Z">
          <reporter-output>
          </reporter-output>
        </test-method> <!-- tearDown -->
        <test-method status="PASS" signature="setUp()[pri:0, instance:freeTrourAutomationpagesTests.HomePageTest@cc285f4]" name="setUp" is-config="true" duration-ms="5491" started-at="2019-12-27T10:38:14Z" finished-at="2019-12-27T10:38:20Z">
          <reporter-output>
          </reporter-output>
        </test-method> <!-- setUp -->
        <test-method status="PASS" signature="clickOnRegistrationPageLink()[pri:0, instance:freeTrourAutomationpagesTests.HomePageTest@cc285f4]" name="clickOnRegistrationPageLink" duration-ms="460" started-at="2019-12-27T10:38:20Z" finished-at="2019-12-27T10:38:20Z">
          <reporter-output>
          </reporter-output>
        </test-method> <!-- clickOnRegistrationPageLink -->
        <test-method status="PASS" signature="tearDown()[pri:0, instance:freeTrourAutomationpagesTests.HomePageTest@cc285f4]" name="tearDown" is-config="true" duration-ms="656" started-at="2019-12-27T10:38:20Z" finished-at="2019-12-27T10:38:21Z">
          <reporter-output>
          </reporter-output>
        </test-method> <!-- tearDown -->
      </class> <!-- freeTrourAutomationpagesTests.HomePageTest -->
    </test> <!-- free Test Cases -->
  </suite> <!-- freeTour Application Automation Test Suit -->
</testng-results>
